<?xml version="1.0" encoding="utf-8"?><testsuites name="pytest tests"><testsuite name="pytest" errors="0" failures="0" skipped="1" tests="44" time="9.587" timestamp="2026-04-24T20:37:06.652616+00:00" hostname="agent-env-a5d5f87d-323e-41d3-803d-f85826dcc8dc"><testcase classname="backend.tests.backend_test" name="test_root" time="0.318" /><testcase classname="backend.tests.backend_test" name="test_products_listing" time="0.147" /><testcase classname="backend.tests.backend_test.TestChat" name="test_start_chat" time="0.214" /><testcase classname="backend.tests.backend_test.TestChat" name="test_get_chat" time="0.122" /><testcase classname="backend.tests.backend_test.TestChat" name="test_send_customer_message" time="0.352" /><testcase classname="backend.tests.backend_test.TestChat" name="test_get_chat_not_found" time="0.155" /><testcase classname="backend.tests.backend_test.TestChat" name="test_admin_list_chats_requires_auth" time="0.115" /><testcase classname="backend.tests.backend_test.TestChat" name="test_admin_list_chats_forbidden_for_customer" time="0.424" /><testcase classname="backend.tests.backend_test.TestChat" name="test_admin_list_chats_success" time="0.424" /><testcase classname="backend.tests.backend_test.TestChat" name="test_admin_reply_in_chat" time="0.063" /><testcase classname="backend.tests.backend_test.TestOrderTracking" name="test_create_pickup_order_applies_discount" time="0.720" /><testcase classname="backend.tests.backend_test.TestOrderTracking" name="test_tracking_public_endpoint" time="0.171" /><testcase classname="backend.tests.backend_test.TestOrderTracking" name="test_tracking_not_found" time="0.108" /><testcase classname="backend.tests.backend_test.TestOrderTracking" name="test_create_delivery_order_no_discount" time="0.139"><skipped type="pytest.skip" message="No cheap product available">/app/backend/tests/backend_test.py:174: No cheap product available</skipped></testcase><testcase classname="backend.tests.backend_test.TestOrderTracking" name="test_admin_update_order_status" time="0.190" /><testcase classname="backend.tests.backend_test.TestAdminProducts" name="test_create_update_delete" time="0.577" /><testcase classname="backend.tests.backend_test.TestAdminProducts" name="test_create_product_requires_admin" time="0.059" /><testcase classname="backend.tests.backend_test.TestAdminMigration" name="test_old_admin_removed" time="0.128" /><testcase classname="backend.tests.backend_test.TestAdminMigration" name="test_new_admin_login" time="0.350" /><testcase classname="backend.tests.backend_test.TestFileUpload" name="test_upload_requires_admin" time="0.051" /><testcase classname="backend.tests.backend_test.TestFileUpload" name="test_upload_unauthenticated" time="0.127" /><testcase classname="backend.tests.backend_test.TestFileUpload" name="test_upload_rejects_non_image" time="0.065" /><testcase classname="backend.tests.backend_test.TestFileUpload" name="test_upload_image_and_serve" time="0.446" /><testcase classname="backend.tests.backend_test.TestFileUpload" name="test_get_file_not_found" time="0.118" /><testcase classname="backend.tests.backend_test.TestPayPalOrder" name="test_order_with_paypal_returns_url" time="0.491" /><testcase classname="backend.tests.backend_test.TestAdminAuctions" name="test_list_auctions_requires_auth" time="0.112" /><testcase classname="backend.tests.backend_test.TestAdminAuctions" name="test_list_auctions_forbidden_for_customer" time="0.049" /><testcase classname="backend.tests.backend_test.TestAdminAuctions" name="test_admin_list_auctions" time="0.079" /><testcase classname="backend.tests.backend_test.TestAdminAuctions" name="test_create_close_delete_auction_flow" time="0.356" /><testcase classname="backend.tests.backend_test.TestAdminAuctions" name="test_close_nonexistent_auction" time="0.055" /><testcase classname="backend.tests.backend_test.TestAdminAuctions" name="test_delete_nonexistent_auction" time="0.053" /><testcase classname="backend.tests.backend_test.TestBankInfo" name="test_get_bank_info" time="0.137" /><testcase classname="backend.tests.backend_test.TestViewCounter" name="test_increment_view" time="0.346" /><testcase classname="backend.tests.backend_test.TestOffers" name="test_create_offer_requires_auth" time="0.112" /><testcase classname="backend.tests.backend_test.TestOffers" name="test_create_offer_and_my_offers" time="0.316" /><testcase classname="backend.tests.backend_test.TestOffers" name="test_create_offer_invalid_amount" time="0.048" /><testcase classname="backend.tests.backend_test.TestOffers" name="test_create_offer_product_not_found" time="0.054" /><testcase classname="backend.tests.backend_test.TestOffers" name="test_admin_list_offers_requires_admin" time="0.050" /><testcase classname="backend.tests.backend_test.TestOffers" name="test_admin_list_offers_unauthenticated" time="0.108" /><testcase classname="backend.tests.backend_test.TestOffers" name="test_admin_list_offers" time="0.055" /><testcase classname="backend.tests.backend_test.TestOffers" name="test_admin_respond_invalid_status" time="0.062" /><testcase classname="backend.tests.backend_test.TestOffers" name="test_admin_respond_not_found" time="0.250" /><testcase classname="backend.tests.backend_test.TestOffers" name="test_admin_respond_accepted" time="0.298" /><testcase classname="backend.tests.backend_test.TestOffers" name="test_admin_respond_rejected_flow" time="0.835" /></testsuite></testsuites>