<?xml version="1.0" encoding="utf-8"?><testsuites name="pytest tests"><testsuite name="pytest" errors="0" failures="0" skipped="1" tests="31" time="7.145" timestamp="2026-04-21T23:22:47.238254+00:00" hostname="agent-env-a5d5f87d-323e-41d3-803d-f85826dcc8dc"><testcase classname="backend.tests.backend_test" name="test_root" time="0.150" /><testcase classname="backend.tests.backend_test" name="test_products_listing" time="0.119" /><testcase classname="backend.tests.backend_test.TestChat" name="test_start_chat" time="0.164" /><testcase classname="backend.tests.backend_test.TestChat" name="test_get_chat" time="0.126" /><testcase classname="backend.tests.backend_test.TestChat" name="test_send_customer_message" time="0.274" /><testcase classname="backend.tests.backend_test.TestChat" name="test_get_chat_not_found" time="0.129" /><testcase classname="backend.tests.backend_test.TestChat" name="test_admin_list_chats_requires_auth" time="0.126" /><testcase classname="backend.tests.backend_test.TestChat" name="test_admin_list_chats_forbidden_for_customer" time="0.407" /><testcase classname="backend.tests.backend_test.TestChat" name="test_admin_list_chats_success" time="0.413" /><testcase classname="backend.tests.backend_test.TestChat" name="test_admin_reply_in_chat" time="0.065" /><testcase classname="backend.tests.backend_test.TestOrderTracking" name="test_create_pickup_order_applies_discount" time="0.755" /><testcase classname="backend.tests.backend_test.TestOrderTracking" name="test_tracking_public_endpoint" time="0.121" /><testcase classname="backend.tests.backend_test.TestOrderTracking" name="test_tracking_not_found" time="0.132" /><testcase classname="backend.tests.backend_test.TestOrderTracking" name="test_create_delivery_order_no_discount" time="0.148"><skipped type="pytest.skip" message="No cheap product available">/app/backend/tests/backend_test.py:174: No cheap product available</skipped></testcase><testcase classname="backend.tests.backend_test.TestOrderTracking" name="test_admin_update_order_status" time="0.189" /><testcase classname="backend.tests.backend_test.TestAdminProducts" name="test_create_update_delete" time="0.577" /><testcase classname="backend.tests.backend_test.TestAdminProducts" name="test_create_product_requires_admin" time="0.071" /><testcase classname="backend.tests.backend_test.TestAdminMigration" name="test_old_admin_removed" time="0.121" /><testcase classname="backend.tests.backend_test.TestAdminMigration" name="test_new_admin_login" time="0.364" /><testcase classname="backend.tests.backend_test.TestFileUpload" name="test_upload_requires_admin" time="0.062" /><testcase classname="backend.tests.backend_test.TestFileUpload" name="test_upload_unauthenticated" time="0.126" /><testcase classname="backend.tests.backend_test.TestFileUpload" name="test_upload_rejects_non_image" time="0.062" /><testcase classname="backend.tests.backend_test.TestFileUpload" name="test_upload_image_and_serve" time="0.595" /><testcase classname="backend.tests.backend_test.TestFileUpload" name="test_get_file_not_found" time="0.427" /><testcase classname="backend.tests.backend_test.TestPayPalOrder" name="test_order_with_paypal_returns_url" time="0.524" /><testcase classname="backend.tests.backend_test.TestAdminAuctions" name="test_list_auctions_requires_auth" time="0.121" /><testcase classname="backend.tests.backend_test.TestAdminAuctions" name="test_list_auctions_forbidden_for_customer" time="0.063" /><testcase classname="backend.tests.backend_test.TestAdminAuctions" name="test_admin_list_auctions" time="0.064" /><testcase classname="backend.tests.backend_test.TestAdminAuctions" name="test_create_close_delete_auction_flow" time="0.396" /><testcase classname="backend.tests.backend_test.TestAdminAuctions" name="test_close_nonexistent_auction" time="0.068" /><testcase classname="backend.tests.backend_test.TestAdminAuctions" name="test_delete_nonexistent_auction" time="0.073" /></testsuite></testsuites>